#! /home/Unknown/Chip_Design/oss-cad-suite/bin/vvp
:ivl_version "13.0 (devel)" "(s20251012-60-g2345c5147)";
:ivl_delay_selection "TYPICAL";
:vpi_time_precision - 12;
:vpi_module "/home/Unknown/Chip_Design/oss-cad-suite/lib/ivl/system.vpi";
:vpi_module "/home/Unknown/Chip_Design/oss-cad-suite/lib/ivl/vhdl_sys.vpi";
:vpi_module "/home/Unknown/Chip_Design/oss-cad-suite/lib/ivl/vhdl_textio.vpi";
:vpi_module "/home/Unknown/Chip_Design/oss-cad-suite/lib/ivl/v2005_math.vpi";
:vpi_module "/home/Unknown/Chip_Design/oss-cad-suite/lib/ivl/va_math.vpi";
S_0x555555972870 .scope module, "UART_TX_Testbench" "UART_TX_Testbench" 2 3;
 .timescale -9 -12;
v0x55555598beb0_0 .var "clk", 0 0;
v0x55555598bf70_0 .var "rst_n", 0 0;
v0x55555598c040_0 .var "tx_data", 7 0;
v0x55555598c140_0 .net "tx_done", 0 0, v0x55555598bad0_0;  1 drivers
v0x55555598c210_0 .net "tx_out", 0 0, v0x55555598bb90_0;  1 drivers
v0x55555598c2b0_0 .var "tx_start", 0 0;
v0x55555598c380_0 .var "tx_tick", 0 0;
E_0x55555596b5c0 .event anyedge, v0x55555598bad0_0;
S_0x555555972a20 .scope module, "uut" "UART_TX" 2 15, 3 3 0, S_0x555555972870;
 .timescale -9 -12;
    .port_info 0 /INPUT 1 "clk";
    .port_info 1 /INPUT 1 "rst_n";
    .port_info 2 /INPUT 1 "tx_tick";
    .port_info 3 /INPUT 1 "tx_start";
    .port_info 4 /INPUT 8 "tx_data";
    .port_info 5 /OUTPUT 1 "tx_out";
    .port_info 6 /OUTPUT 1 "tx_done";
P_0x55555595bac0 .param/l "DATA" 1 3 16, C4<10>;
P_0x55555595bb00 .param/l "IDLE" 1 3 14, C4<00>;
P_0x55555595bb40 .param/l "START" 1 3 15, C4<01>;
P_0x55555595bb80 .param/l "STOP" 1 3 17, C4<11>;
v0x555555931ac0_0 .var "bit_cnt", 2 0;
v0x55555598b680_0 .net "clk", 0 0, v0x55555598beb0_0;  1 drivers
v0x55555598b740_0 .var "data_reg", 7 0;
v0x55555598b800_0 .net "rst_n", 0 0, v0x55555598bf70_0;  1 drivers
v0x55555598b8c0_0 .var "state", 1 0;
v0x55555598b9f0_0 .net "tx_data", 7 0, v0x55555598c040_0;  1 drivers
v0x55555598bad0_0 .var "tx_done", 0 0;
v0x55555598bb90_0 .var "tx_out", 0 0;
v0x55555598bc50_0 .net "tx_start", 0 0, v0x55555598c2b0_0;  1 drivers
v0x55555598bd10_0 .net "tx_tick", 0 0, v0x55555598c380_0;  1 drivers
E_0x555555955ca0/0 .event negedge, v0x55555598b800_0;
E_0x555555955ca0/1 .event posedge, v0x55555598b680_0;
E_0x555555955ca0 .event/or E_0x555555955ca0/0, E_0x555555955ca0/1;
    .scope S_0x555555972a20;
T_0 ;
    %wait E_0x555555955ca0;
    %load/vec4 v0x55555598b800_0;
    %nor/r;
    %flag_set/vec4 8;
    %jmp/0xz  T_0.0, 8;
    %pushi/vec4 0, 0, 2;
    %assign/vec4 v0x55555598b8c0_0, 0;
    %pushi/vec4 1, 0, 1;
    %assign/vec4 v0x55555598bb90_0, 0;
    %pushi/vec4 0, 0, 1;
    %assign/vec4 v0x55555598bad0_0, 0;
    %pushi/vec4 0, 0, 3;
    %assign/vec4 v0x555555931ac0_0, 0;
    %pushi/vec4 0, 0, 8;
    %assign/vec4 v0x55555598b740_0, 0;
    %jmp T_0.1;
T_0.0 ;
    %load/vec4 v0x55555598b8c0_0;
    %dup/vec4;
    %pushi/vec4 0, 0, 2;
    %cmp/u;
    %jmp/1 T_0.2, 6;
    %dup/vec4;
    %pushi/vec4 1, 0, 2;
    %cmp/u;
    %jmp/1 T_0.3, 6;
    %dup/vec4;
    %pushi/vec4 2, 0, 2;
    %cmp/u;
    %jmp/1 T_0.4, 6;
    %dup/vec4;
    %pushi/vec4 3, 0, 2;
    %cmp/u;
    %jmp/1 T_0.5, 6;
    %pushi/vec4 0, 0, 2;
    %assign/vec4 v0x55555598b8c0_0, 0;
    %jmp T_0.7;
T_0.2 ;
    %pushi/vec4 1, 0, 1;
    %assign/vec4 v0x55555598bb90_0, 0;
    %pushi/vec4 0, 0, 1;
    %assign/vec4 v0x55555598bad0_0, 0;
    %load/vec4 v0x55555598bc50_0;
    %cmpi/e 1, 0, 1;
    %jmp/0xz  T_0.8, 4;
    %load/vec4 v0x55555598b9f0_0;
    %assign/vec4 v0x55555598b740_0, 0;
    %pushi/vec4 1, 0, 2;
    %assign/vec4 v0x55555598b8c0_0, 0;
T_0.8 ;
    %jmp T_0.7;
T_0.3 ;
    %load/vec4 v0x55555598bd10_0;
    %cmpi/e 1, 0, 1;
    %jmp/0xz  T_0.10, 4;
    %pushi/vec4 0, 0, 1;
    %assign/vec4 v0x55555598bb90_0, 0;
    %pushi/vec4 2, 0, 2;
    %assign/vec4 v0x55555598b8c0_0, 0;
    %pushi/vec4 0, 0, 3;
    %assign/vec4 v0x555555931ac0_0, 0;
T_0.10 ;
    %jmp T_0.7;
T_0.4 ;
    %load/vec4 v0x55555598bd10_0;
    %cmpi/e 1, 0, 1;
    %jmp/0xz  T_0.12, 4;
    %load/vec4 v0x55555598b740_0;
    %parti/s 1, 0, 2;
    %assign/vec4 v0x55555598bb90_0, 0;
    %pushi/vec4 0, 0, 1;
    %load/vec4 v0x55555598b740_0;
    %parti/s 7, 1, 2;
    %concat/vec4; draw_concat_vec4
    %assign/vec4 v0x55555598b740_0, 0;
    %load/vec4 v0x555555931ac0_0;
    %pad/u 32;
    %cmpi/e 7, 0, 32;
    %jmp/0xz  T_0.14, 4;
    %pushi/vec4 3, 0, 2;
    %assign/vec4 v0x55555598b8c0_0, 0;
    %jmp T_0.15;
T_0.14 ;
    %load/vec4 v0x555555931ac0_0;
    %addi 1, 0, 3;
    %assign/vec4 v0x555555931ac0_0, 0;
T_0.15 ;
T_0.12 ;
    %jmp T_0.7;
T_0.5 ;
    %load/vec4 v0x55555598bd10_0;
    %cmpi/e 1, 0, 1;
    %jmp/0xz  T_0.16, 4;
    %pushi/vec4 1, 0, 1;
    %assign/vec4 v0x55555598bb90_0, 0;
    %pushi/vec4 1, 0, 1;
    %assign/vec4 v0x55555598bad0_0, 0;
    %pushi/vec4 0, 0, 2;
    %assign/vec4 v0x55555598b8c0_0, 0;
T_0.16 ;
    %jmp T_0.7;
T_0.7 ;
    %pop/vec4 1;
T_0.1 ;
    %jmp T_0;
    .thread T_0;
    .scope S_0x555555972870;
T_1 ;
    %delay 5000, 0;
    %load/vec4 v0x55555598beb0_0;
    %inv;
    %store/vec4 v0x55555598beb0_0, 0, 1;
    %jmp T_1;
    .thread T_1;
    .scope S_0x555555972870;
T_2 ;
    %delay 990000, 0;
    %pushi/vec4 1, 0, 1;
    %store/vec4 v0x55555598c380_0, 0, 1;
    %delay 10000, 0;
    %pushi/vec4 0, 0, 1;
    %store/vec4 v0x55555598c380_0, 0, 1;
    %jmp T_2;
    .thread T_2;
    .scope S_0x555555972870;
T_3 ;
    %vpi_call 2 40 "$dumpfile", "uart_tx_sim.vcd" {0 0 0};
    %vpi_call 2 41 "$dumpvars", 32'sb00000000000000000000000000000000, S_0x555555972870 {0 0 0};
    %pushi/vec4 0, 0, 1;
    %store/vec4 v0x55555598beb0_0, 0, 1;
    %pushi/vec4 0, 0, 1;
    %store/vec4 v0x55555598bf70_0, 0, 1;
    %pushi/vec4 0, 0, 1;
    %store/vec4 v0x55555598c380_0, 0, 1;
    %pushi/vec4 0, 0, 1;
    %store/vec4 v0x55555598c2b0_0, 0, 1;
    %pushi/vec4 0, 0, 8;
    %store/vec4 v0x55555598c040_0, 0, 8;
    %delay 100000, 0;
    %pushi/vec4 1, 0, 1;
    %store/vec4 v0x55555598bf70_0, 0, 1;
    %delay 100000, 0;
    %vpi_call 2 57 "$display", "Starting transmission of 0xAB..." {0 0 0};
    %pushi/vec4 171, 0, 8;
    %store/vec4 v0x55555598c040_0, 0, 8;
    %pushi/vec4 1, 0, 1;
    %store/vec4 v0x55555598c2b0_0, 0, 1;
    %delay 10000, 0;
    %pushi/vec4 0, 0, 1;
    %store/vec4 v0x55555598c2b0_0, 0, 1;
T_3.0 ;
    %load/vec4 v0x55555598c140_0;
    %pushi/vec4 1, 0, 1;
    %cmp/e;
    %flag_get/vec4 4;
    %cmpi/ne 1, 0, 1;
    %jmp/0xz T_3.1, 6;
    %wait E_0x55555596b5c0;
    %jmp T_3.0;
T_3.1 ;
    %vpi_call 2 65 "$display", "Transmission complete!" {0 0 0};
    %delay 500000, 0;
    %vpi_call 2 69 "$finish" {0 0 0};
    %end;
    .thread T_3;
# The file index is used to find the file name in the following table.
:file_names 4;
    "N/A";
    "<interactive>";
    "UART_TX_Testbench.v";
    "UART_TX.v";
